This file contains any messages produced by compilers while
running configure, to aid debugging if configure makes a mistake.

It was created by RNAhybrid configure 1.0, which was
generated by GNU Autoconf 2.65.  Invocation command line was

  $ ./configure --prefix=/share/public4/data/caoy/softs/RNAhybrid-2.1.2/bin

## --------- ##
## Platform. ##
## --------- ##

hostname = master
uname -m = x86_64
uname -r = 3.10.0-957.12.1.el7.x86_64
uname -s = Linux
uname -v = #1 SMP Mon Apr 29 14:59:59 UTC 2019

/usr/bin/uname -p = x86_64
/bin/uname -X     = unknown

/bin/arch              = x86_64
/usr/bin/arch -k       = unknown
/usr/convex/getsysinfo = unknown
/usr/bin/hostinfo      = unknown
/bin/machine           = unknown
/usr/bin/oslevel       = unknown
/bin/universe          = unknown

PATH: /opt/gridengine/bin
PATH: /opt/gridengine/bin/lx-amd64
PATH: /share/public/apps/mafft/7.475/bin/
PATH: /share/public/apps/tRNAscan-SE/2.0.0/bin/
PATH: /share/public/apps/fastx-toolkit/0.0.13/
PATH: /share/public/apps/UCSC-utilities/v356/
PATH: /share/public/apps/bamtools/2.4.1/bin/
PATH: /share/public/apps/bedtools/2.27.1/bin/
PATH: /share/public/apps/meme/5.3.3/bin/
PATH: /share/public/apps/bowtie/1.2.2/
PATH: /share/public/apps/bowtie2/2.3.4.2/
PATH: /share/public/apps/hisat2/2.1.0/
PATH: /share/public/apps/ViennaRNA/2.4.12/bin/
PATH: /share/public/apps/bin/
PATH: /share/public/apps/blast/2.6.0/ReleaseMT/bin/
PATH: /share/public/data/zhanglab/shared_data/softwares/bin/
PATH: /share/public/apps/JAVA/jdk1.8.0_151/bin/
PATH: /home/caoy/.vscode-server/bin/3b889b090b5ad5793f524b5d1d39fda662b96a2a/bin/remote-cli
PATH: /share/public4/data/caoy/softs/miniconda3/condabin
PATH: /share/public/apps/SJM/bin
PATH: /opt/gridengine/bin
PATH: /opt/gridengine/bin/lx-amd64
PATH: /usr/lib64/qt-3.3/bin
PATH: /home/caoy/perl5/bin
PATH: /usr/lib64/mpich-3.2/bin
PATH: /share/public/apps/mafft/7.475/bin/
PATH: /share/public/apps/tRNAscan-SE/2.0.0/bin/
PATH: /share/public/apps/fastx-toolkit/0.0.13/
PATH: /share/public/apps/UCSC-utilities/v356/
PATH: /share/public/apps/bamtools/2.4.1/bin/
PATH: /share/public/apps/bedtools/2.27.1/bin/
PATH: /share/public/apps/meme/5.3.3/bin/
PATH: /share/public/apps/bowtie/1.2.2/
PATH: /share/public/apps/bowtie2/2.3.4.2/
PATH: /share/public/apps/hisat2/2.1.0/
PATH: /share/public/apps/ViennaRNA/2.4.12/bin/
PATH: /share/public/apps/bin/
PATH: /share/public/apps/blast/2.6.0/ReleaseMT/bin/
PATH: /share/public/data/zhanglab/shared_data/softwares/bin/
PATH: /share/public/apps/JAVA/jdk1.8.0_151/bin/
PATH: /usr/local/bin
PATH: /usr/bin
PATH: /usr/local/sbin
PATH: /usr/sbin
PATH: /usr/local/pdsh/bin
PATH: /share/public4/data/caoy/softs/minimap2
PATH: /share/public4/data/caoy/softs/subread-2.0.1-source/bin/
PATH: /share/public4/data/caoy/softs/TransDecoder-TransDecoder-v5.5.0
PATH: /share/public4/data/caoy/softs/miniconda3/bin
PATH: /share/public4/data/caoy/softs/bedops/bin
PATH: /share/public4/data/caoy/softs/Homer/bin
PATH: /share/public4/data/caoy/softs/sratoolkit.2.11.0-centos_linux64/bin
PATH: /share/public4/data/caoy/softs/gatk-4.2.0.0
PATH: /share/public4/data/caoy/softs/miniconda3/bin
PATH: /share/public4/data/caoy/softs/julia-1.7.2/bin
PATH: /home/caoy/.local/bin
PATH: /home/caoy/bin
PATH: /usr/local/pdsh/bin
PATH: /share/public4/data/caoy/softs/minimap2
PATH: /share/public4/data/caoy/softs/subread-2.0.1-source/bin/
PATH: /share/public4/data/caoy/softs/TransDecoder-TransDecoder-v5.5.0
PATH: /share/public4/data/caoy/softs/miniconda3/bin
PATH: /share/public4/data/caoy/softs/bedops/bin
PATH: /share/public4/data/caoy/softs/Homer/bin
PATH: /share/public4/data/caoy/softs/sratoolkit.2.11.0-centos_linux64/bin
PATH: /share/public4/data/caoy/softs/gatk-4.2.0.0
PATH: /share/public4/data/caoy/softs/miniconda3/bin
PATH: /share/public4/data/caoy/softs/julia-1.7.2/bin


## ----------- ##
## Core tests. ##
## ----------- ##

configure:2134: checking for a BSD-compatible install
configure:2202: result: /usr/bin/install -c
configure:2213: checking whether build environment is sane
configure:2263: result: yes
configure:2404: checking for a thread-safe mkdir -p
configure:2443: result: /usr/bin/mkdir -p
configure:2456: checking for gawk
configure:2472: found /usr/bin/gawk
configure:2483: result: gawk
configure:2494: checking whether make sets $(MAKE)
configure:2516: result: yes
configure:2648: checking for gcc
configure:2664: found /usr/bin/gcc
configure:2675: result: gcc
configure:2904: checking for C compiler version
configure:2913: gcc --version >&5
gcc (GCC) 4.8.5 20150623 (Red Hat 4.8.5-39)
Copyright (C) 2015 Free Software Foundation, Inc.
This is free software; see the source for copying conditions.  There is NO
warranty; not even for MERCHANTABILITY or FITNESS FOR A PARTICULAR PURPOSE.

configure:2924: $? = 0
configure:2913: gcc -v >&5
Using built-in specs.
COLLECT_GCC=gcc
COLLECT_LTO_WRAPPER=/usr/libexec/gcc/x86_64-redhat-linux/4.8.5/lto-wrapper
Target: x86_64-redhat-linux
Configured with: ../configure --prefix=/usr --mandir=/usr/share/man --infodir=/usr/share/info --with-bugurl=http://bugzilla.redhat.com/bugzilla --enable-bootstrap --enable-shared --enable-threads=posix --enable-checking=release --with-system-zlib --enable-__cxa_atexit --disable-libunwind-exceptions --enable-gnu-unique-object --enable-linker-build-id --with-linker-hash-style=gnu --enable-languages=c,c++,objc,obj-c++,java,fortran,ada,go,lto --enable-plugin --enable-initfini-array --disable-libgcj --with-isl=/builddir/build/BUILD/gcc-4.8.5-20150702/obj-x86_64-redhat-linux/isl-install --with-cloog=/builddir/build/BUILD/gcc-4.8.5-20150702/obj-x86_64-redhat-linux/cloog-install --enable-gnu-indirect-function --with-tune=generic --with-arch_32=x86-64 --build=x86_64-redhat-linux
Thread model: posix
gcc version 4.8.5 20150623 (Red Hat 4.8.5-39) (GCC) 
configure:2924: $? = 0
configure:2913: gcc -V >&5
gcc: error: unrecognized command line option '-V'
gcc: fatal error: no input files
compilation terminated.
configure:2924: $? = 4
configure:2913: gcc -qversion >&5
gcc: error: unrecognized command line option '-qversion'
gcc: fatal error: no input files
compilation terminated.
configure:2924: $? = 4
configure:2944: checking whether the C compiler works
configure:2966: gcc    conftest.c  >&5
configure:2970: $? = 0
configure:3019: result: yes
configure:3022: checking for C compiler default output file name
configure:3024: result: a.out
configure:3030: checking for suffix of executables
configure:3037: gcc -o conftest    conftest.c  >&5
configure:3041: $? = 0
configure:3063: result: 
configure:3085: checking whether we are cross compiling
configure:3093: gcc -o conftest    conftest.c  >&5
configure:3097: $? = 0
configure:3104: ./conftest
configure:3108: $? = 0
configure:3123: result: no
configure:3128: checking for suffix of object files
configure:3150: gcc -c   conftest.c >&5
configure:3154: $? = 0
configure:3175: result: o
configure:3179: checking whether we are using the GNU C compiler
configure:3198: gcc -c   conftest.c >&5
configure:3198: $? = 0
configure:3207: result: yes
configure:3216: checking whether gcc accepts -g
configure:3236: gcc -c -g  conftest.c >&5
configure:3236: $? = 0
configure:3277: result: yes
configure:3294: checking for gcc option to accept ISO C89
configure:3358: gcc  -c -g -O2  conftest.c >&5
configure:3358: $? = 0
configure:3371: result: none needed
configure:3402: checking for style of include used by make
configure:3430: result: GNU
configure:3455: checking dependency style of gcc
configure:3565: result: gcc3
configure:3588: checking for log in -lm
configure:3613: gcc -o conftest -g -O2   conftest.c -lm   >&5
conftest.c:18:6: warning: conflicting types for built-in function 'log' [enabled by default]
 char log ();
      ^
configure:3613: $? = 0
configure:3622: result: yes
configure:3635: checking for g2_open_vd in -lg2
configure:3660: gcc -o conftest -g -O2   conftest.c -lg2  -lm  >&5
/usr/bin/ld: cannot find -lg2
collect2: error: ld returned 1 exit status
configure:3660: $? = 1
configure: failed program was:
| /* confdefs.h */
| #define PACKAGE_NAME "RNAhybrid"
| #define PACKAGE_TARNAME "RNAhybrid"
| #define PACKAGE_VERSION "1.0"
| #define PACKAGE_STRING "RNAhybrid 1.0"
| #define PACKAGE_BUGREPORT "marc@techfak.uni-bielefeld.de"
| #define PACKAGE_URL ""
| #define PACKAGE "RNAhybrid"
| #define VERSION "1.0"
| #define HAVE_LIBM 1
| /* end confdefs.h.  */
| 
| /* Override any GCC internal prototype to avoid an error.
|    Use char because int might match the return type of a GCC
|    builtin and then its argument prototype would still apply.  */
| #ifdef __cplusplus
| extern "C"
| #endif
| char g2_open_vd ();
| int
| main ()
| {
| return g2_open_vd ();
|   ;
|   return 0;
| }
configure:3669: result: no
configure:3679: WARNING: libg2.a is missing. You can download it at http://g2.sourceforge.net/
configure:3683: checking for gdImageLine in -lgd
configure:3708: gcc -o conftest -g -O2   conftest.c -lgd  -lm  >&5
/usr/bin/ld: cannot find -lgd
collect2: error: ld returned 1 exit status
configure:3708: $? = 1
configure: failed program was:
| /* confdefs.h */
| #define PACKAGE_NAME "RNAhybrid"
| #define PACKAGE_TARNAME "RNAhybrid"
| #define PACKAGE_VERSION "1.0"
| #define PACKAGE_STRING "RNAhybrid 1.0"
| #define PACKAGE_BUGREPORT "marc@techfak.uni-bielefeld.de"
| #define PACKAGE_URL ""
| #define PACKAGE "RNAhybrid"
| #define VERSION "1.0"
| #define HAVE_LIBM 1
| /* end confdefs.h.  */
| 
| /* Override any GCC internal prototype to avoid an error.
|    Use char because int might match the return type of a GCC
|    builtin and then its argument prototype would still apply.  */
| #ifdef __cplusplus
| extern "C"
| #endif
| char gdImageLine ();
| int
| main ()
| {
| return gdImageLine ();
|   ;
|   return 0;
| }
configure:3717: result: no
configure:3734: checking how to run the C preprocessor
configure:3765: gcc -E  conftest.c
configure:3765: $? = 0
configure:3779: gcc -E  conftest.c
conftest.c:12:28: fatal error: ac_nonexistent.h: No such file or directory
 #include <ac_nonexistent.h>
                            ^
compilation terminated.
configure:3779: $? = 1
configure: failed program was:
| /* confdefs.h */
| #define PACKAGE_NAME "RNAhybrid"
| #define PACKAGE_TARNAME "RNAhybrid"
| #define PACKAGE_VERSION "1.0"
| #define PACKAGE_STRING "RNAhybrid 1.0"
| #define PACKAGE_BUGREPORT "marc@techfak.uni-bielefeld.de"
| #define PACKAGE_URL ""
| #define PACKAGE "RNAhybrid"
| #define VERSION "1.0"
| #define HAVE_LIBM 1
| /* end confdefs.h.  */
| #include <ac_nonexistent.h>
configure:3804: result: gcc -E
configure:3824: gcc -E  conftest.c
configure:3824: $? = 0
configure:3838: gcc -E  conftest.c
conftest.c:12:28: fatal error: ac_nonexistent.h: No such file or directory
 #include <ac_nonexistent.h>
                            ^
compilation terminated.
configure:3838: $? = 1
configure: failed program was:
| /* confdefs.h */
| #define PACKAGE_NAME "RNAhybrid"
| #define PACKAGE_TARNAME "RNAhybrid"
| #define PACKAGE_VERSION "1.0"
| #define PACKAGE_STRING "RNAhybrid 1.0"
| #define PACKAGE_BUGREPORT "marc@techfak.uni-bielefeld.de"
| #define PACKAGE_URL ""
| #define PACKAGE "RNAhybrid"
| #define VERSION "1.0"
| #define HAVE_LIBM 1
| /* end confdefs.h.  */
| #include <ac_nonexistent.h>
configure:3867: checking for grep that handles long lines and -e
configure:3925: result: /usr/bin/grep
configure:3930: checking for egrep
configure:3992: result: /usr/bin/grep -E
configure:3997: checking for ANSI C header files
configure:4017: gcc -c -g -O2  conftest.c >&5
configure:4017: $? = 0
configure:4090: gcc -o conftest -g -O2   conftest.c -lm  >&5
configure:4090: $? = 0
configure:4090: ./conftest
configure:4090: $? = 0
configure:4101: result: yes
configure:4114: checking for sys/types.h
configure:4114: gcc -c -g -O2  conftest.c >&5
configure:4114: $? = 0
configure:4114: result: yes
configure:4114: checking for sys/stat.h
configure:4114: gcc -c -g -O2  conftest.c >&5
configure:4114: $? = 0
configure:4114: result: yes
configure:4114: checking for stdlib.h
configure:4114: gcc -c -g -O2  conftest.c >&5
configure:4114: $? = 0
configure:4114: result: yes
configure:4114: checking for string.h
configure:4114: gcc -c -g -O2  conftest.c >&5
configure:4114: $? = 0
configure:4114: result: yes
configure:4114: checking for memory.h
configure:4114: gcc -c -g -O2  conftest.c >&5
configure:4114: $? = 0
configure:4114: result: yes
configure:4114: checking for strings.h
configure:4114: gcc -c -g -O2  conftest.c >&5
configure:4114: $? = 0
configure:4114: result: yes
configure:4114: checking for inttypes.h
configure:4114: gcc -c -g -O2  conftest.c >&5
configure:4114: $? = 0
configure:4114: result: yes
configure:4114: checking for stdint.h
configure:4114: gcc -c -g -O2  conftest.c >&5
configure:4114: $? = 0
configure:4114: result: yes
configure:4114: checking for unistd.h
configure:4114: gcc -c -g -O2  conftest.c >&5
configure:4114: $? = 0
configure:4114: result: yes
configure:4127: checking g2.h usability
configure:4127: gcc -c -g -O2  conftest.c >&5
conftest.c:55:16: fatal error: g2.h: No such file or directory
 #include <g2.h>
                ^
compilation terminated.
configure:4127: $? = 1
configure: failed program was:
| /* confdefs.h */
| #define PACKAGE_NAME "RNAhybrid"
| #define PACKAGE_TARNAME "RNAhybrid"
| #define PACKAGE_VERSION "1.0"
| #define PACKAGE_STRING "RNAhybrid 1.0"
| #define PACKAGE_BUGREPORT "marc@techfak.uni-bielefeld.de"
| #define PACKAGE_URL ""
| #define PACKAGE "RNAhybrid"
| #define VERSION "1.0"
| #define HAVE_LIBM 1
| #define STDC_HEADERS 1
| #define HAVE_SYS_TYPES_H 1
| #define HAVE_SYS_STAT_H 1
| #define HAVE_STDLIB_H 1
| #define HAVE_STRING_H 1
| #define HAVE_MEMORY_H 1
| #define HAVE_STRINGS_H 1
| #define HAVE_INTTYPES_H 1
| #define HAVE_STDINT_H 1
| #define HAVE_UNISTD_H 1
| /* end confdefs.h.  */
| #include <stdio.h>
| #ifdef HAVE_SYS_TYPES_H
| # include <sys/types.h>
| #endif
| #ifdef HAVE_SYS_STAT_H
| # include <sys/stat.h>
| #endif
| #ifdef STDC_HEADERS
| # include <stdlib.h>
| # include <stddef.h>
| #else
| # ifdef HAVE_STDLIB_H
| #  include <stdlib.h>
| # endif
| #endif
| #ifdef HAVE_STRING_H
| # if !defined STDC_HEADERS && defined HAVE_MEMORY_H
| #  include <memory.h>
| # endif
| # include <string.h>
| #endif
| #ifdef HAVE_STRINGS_H
| # include <strings.h>
| #endif
| #ifdef HAVE_INTTYPES_H
| # include <inttypes.h>
| #endif
| #ifdef HAVE_STDINT_H
| # include <stdint.h>
| #endif
| #ifdef HAVE_UNISTD_H
| # include <unistd.h>
| #endif
| #include <g2.h>
configure:4127: result: no
configure:4127: checking g2.h presence
configure:4127: gcc -E  conftest.c
conftest.c:22:16: fatal error: g2.h: No such file or directory
 #include <g2.h>
                ^
compilation terminated.
configure:4127: $? = 1
configure: failed program was:
| /* confdefs.h */
| #define PACKAGE_NAME "RNAhybrid"
| #define PACKAGE_TARNAME "RNAhybrid"
| #define PACKAGE_VERSION "1.0"
| #define PACKAGE_STRING "RNAhybrid 1.0"
| #define PACKAGE_BUGREPORT "marc@techfak.uni-bielefeld.de"
| #define PACKAGE_URL ""
| #define PACKAGE "RNAhybrid"
| #define VERSION "1.0"
| #define HAVE_LIBM 1
| #define STDC_HEADERS 1
| #define HAVE_SYS_TYPES_H 1
| #define HAVE_SYS_STAT_H 1
| #define HAVE_STDLIB_H 1
| #define HAVE_STRING_H 1
| #define HAVE_MEMORY_H 1
| #define HAVE_STRINGS_H 1
| #define HAVE_INTTYPES_H 1
| #define HAVE_STDINT_H 1
| #define HAVE_UNISTD_H 1
| /* end confdefs.h.  */
| #include <g2.h>
configure:4127: result: no
configure:4127: checking for g2.h
configure:4127: result: no
configure:4133: checking g2_PS.h usability
configure:4133: gcc -c -g -O2  conftest.c >&5
conftest.c:55:19: fatal error: g2_PS.h: No such file or directory
 #include <g2_PS.h>
                   ^
compilation terminated.
configure:4133: $? = 1
configure: failed program was:
| /* confdefs.h */
| #define PACKAGE_NAME "RNAhybrid"
| #define PACKAGE_TARNAME "RNAhybrid"
| #define PACKAGE_VERSION "1.0"
| #define PACKAGE_STRING "RNAhybrid 1.0"
| #define PACKAGE_BUGREPORT "marc@techfak.uni-bielefeld.de"
| #define PACKAGE_URL ""
| #define PACKAGE "RNAhybrid"
| #define VERSION "1.0"
| #define HAVE_LIBM 1
| #define STDC_HEADERS 1
| #define HAVE_SYS_TYPES_H 1
| #define HAVE_SYS_STAT_H 1
| #define HAVE_STDLIB_H 1
| #define HAVE_STRING_H 1
| #define HAVE_MEMORY_H 1
| #define HAVE_STRINGS_H 1
| #define HAVE_INTTYPES_H 1
| #define HAVE_STDINT_H 1
| #define HAVE_UNISTD_H 1
| /* end confdefs.h.  */
| #include <stdio.h>
| #ifdef HAVE_SYS_TYPES_H
| # include <sys/types.h>
| #endif
| #ifdef HAVE_SYS_STAT_H
| # include <sys/stat.h>
| #endif
| #ifdef STDC_HEADERS
| # include <stdlib.h>
| # include <stddef.h>
| #else
| # ifdef HAVE_STDLIB_H
| #  include <stdlib.h>
| # endif
| #endif
| #ifdef HAVE_STRING_H
| # if !defined STDC_HEADERS && defined HAVE_MEMORY_H
| #  include <memory.h>
| # endif
| # include <string.h>
| #endif
| #ifdef HAVE_STRINGS_H
| # include <strings.h>
| #endif
| #ifdef HAVE_INTTYPES_H
| # include <inttypes.h>
| #endif
| #ifdef HAVE_STDINT_H
| # include <stdint.h>
| #endif
| #ifdef HAVE_UNISTD_H
| # include <unistd.h>
| #endif
| #include <g2_PS.h>
configure:4133: result: no
configure:4133: checking g2_PS.h presence
configure:4133: gcc -E  conftest.c
conftest.c:22:19: fatal error: g2_PS.h: No such file or directory
 #include <g2_PS.h>
                   ^
compilation terminated.
configure:4133: $? = 1
configure: failed program was:
| /* confdefs.h */
| #define PACKAGE_NAME "RNAhybrid"
| #define PACKAGE_TARNAME "RNAhybrid"
| #define PACKAGE_VERSION "1.0"
| #define PACKAGE_STRING "RNAhybrid 1.0"
| #define PACKAGE_BUGREPORT "marc@techfak.uni-bielefeld.de"
| #define PACKAGE_URL ""
| #define PACKAGE "RNAhybrid"
| #define VERSION "1.0"
| #define HAVE_LIBM 1
| #define STDC_HEADERS 1
| #define HAVE_SYS_TYPES_H 1
| #define HAVE_SYS_STAT_H 1
| #define HAVE_STDLIB_H 1
| #define HAVE_STRING_H 1
| #define HAVE_MEMORY_H 1
| #define HAVE_STRINGS_H 1
| #define HAVE_INTTYPES_H 1
| #define HAVE_STDINT_H 1
| #define HAVE_UNISTD_H 1
| /* end confdefs.h.  */
| #include <g2_PS.h>
configure:4133: result: no
configure:4133: checking for g2_PS.h
configure:4133: result: no
configure:4140: checking for an ANSI C-conforming const
configure:4205: gcc -c -g -O2  conftest.c >&5
configure:4205: $? = 0
configure:4212: result: yes
configure:4220: checking for inline
configure:4236: gcc -c -g -O2  conftest.c >&5
configure:4236: $? = 0
configure:4244: result: inline
configure:4262: checking for size_t
configure:4262: gcc -c -g -O2  conftest.c >&5
configure:4262: $? = 0
configure:4262: gcc -c -g -O2  conftest.c >&5
conftest.c: In function 'main':
conftest.c:58:21: error: expected expression before ')' token
 if (sizeof ((size_t)))
                     ^
configure:4262: $? = 1
configure: failed program was:
| /* confdefs.h */
| #define PACKAGE_NAME "RNAhybrid"
| #define PACKAGE_TARNAME "RNAhybrid"
| #define PACKAGE_VERSION "1.0"
| #define PACKAGE_STRING "RNAhybrid 1.0"
| #define PACKAGE_BUGREPORT "marc@techfak.uni-bielefeld.de"
| #define PACKAGE_URL ""
| #define PACKAGE "RNAhybrid"
| #define VERSION "1.0"
| #define HAVE_LIBM 1
| #define STDC_HEADERS 1
| #define HAVE_SYS_TYPES_H 1
| #define HAVE_SYS_STAT_H 1
| #define HAVE_STDLIB_H 1
| #define HAVE_STRING_H 1
| #define HAVE_MEMORY_H 1
| #define HAVE_STRINGS_H 1
| #define HAVE_INTTYPES_H 1
| #define HAVE_STDINT_H 1
| #define HAVE_UNISTD_H 1
| /* end confdefs.h.  */
| #include <stdio.h>
| #ifdef HAVE_SYS_TYPES_H
| # include <sys/types.h>
| #endif
| #ifdef HAVE_SYS_STAT_H
| # include <sys/stat.h>
| #endif
| #ifdef STDC_HEADERS
| # include <stdlib.h>
| # include <stddef.h>
| #else
| # ifdef HAVE_STDLIB_H
| #  include <stdlib.h>
| # endif
| #endif
| #ifdef HAVE_STRING_H
| # if !defined STDC_HEADERS && defined HAVE_MEMORY_H
| #  include <memory.h>
| # endif
| # include <string.h>
| #endif
| #ifdef HAVE_STRINGS_H
| # include <strings.h>
| #endif
| #ifdef HAVE_INTTYPES_H
| # include <inttypes.h>
| #endif
| #ifdef HAVE_STDINT_H
| # include <stdint.h>
| #endif
| #ifdef HAVE_UNISTD_H
| # include <unistd.h>
| #endif
| int
| main ()
| {
| if (sizeof ((size_t)))
| 	    return 0;
|   ;
|   return 0;
| }
configure:4262: result: yes
configure:4396: creating ./config.status

## ---------------------- ##
## Running config.status. ##
## ---------------------- ##

This file was extended by RNAhybrid config.status 1.0, which was
generated by GNU Autoconf 2.65.  Invocation command line was

  CONFIG_FILES    = 
  CONFIG_HEADERS  = 
  CONFIG_LINKS    = 
  CONFIG_COMMANDS = 
  $ ./config.status 

on master

config.status:853: creating Makefile
config.status:853: creating src/Makefile
config.status:853: creating man/Makefile
config.status:853: creating config.h
config.status:1025: config.h is unchanged
config.status:1073: executing depfiles commands

## ---------------- ##
## Cache variables. ##
## ---------------- ##

ac_cv_c_compiler_gnu=yes
ac_cv_c_const=yes
ac_cv_c_inline=inline
ac_cv_env_CC_set=
ac_cv_env_CC_value=
ac_cv_env_CFLAGS_set=
ac_cv_env_CFLAGS_value=
ac_cv_env_CPPFLAGS_set=
ac_cv_env_CPPFLAGS_value=
ac_cv_env_CPP_set=
ac_cv_env_CPP_value=
ac_cv_env_LDFLAGS_set=
ac_cv_env_LDFLAGS_value=
ac_cv_env_LIBS_set=
ac_cv_env_LIBS_value=
ac_cv_env_build_alias_set=
ac_cv_env_build_alias_value=
ac_cv_env_host_alias_set=
ac_cv_env_host_alias_value=
ac_cv_env_target_alias_set=
ac_cv_env_target_alias_value=
ac_cv_header_g2_PS_h=no
ac_cv_header_g2_h=no
ac_cv_header_inttypes_h=yes
ac_cv_header_memory_h=yes
ac_cv_header_stdc=yes
ac_cv_header_stdint_h=yes
ac_cv_header_stdlib_h=yes
ac_cv_header_string_h=yes
ac_cv_header_strings_h=yes
ac_cv_header_sys_stat_h=yes
ac_cv_header_sys_types_h=yes
ac_cv_header_unistd_h=yes
ac_cv_lib_g2_g2_open_vd=no
ac_cv_lib_gd_gdImageLine=no
ac_cv_lib_m_log=yes
ac_cv_objext=o
ac_cv_path_EGREP='/usr/bin/grep -E'
ac_cv_path_GREP=/usr/bin/grep
ac_cv_path_install='/usr/bin/install -c'
ac_cv_path_mkdir=/usr/bin/mkdir
ac_cv_prog_AWK=gawk
ac_cv_prog_CPP='gcc -E'
ac_cv_prog_ac_ct_CC=gcc
ac_cv_prog_cc_c89=
ac_cv_prog_cc_g=yes
ac_cv_prog_make_make_set=yes
ac_cv_type_size_t=yes
am_cv_CC_dependencies_compiler_type=gcc3

## ----------------- ##
## Output variables. ##
## ----------------- ##

ACLOCAL='${SHELL} /share/public4/data/caoy/softs/RNAhybrid-2.1.2/missing --run aclocal-1.11'
AMDEPBACKSLASH='\'
AMDEP_FALSE='#'
AMDEP_TRUE=''
AMTAR='${SHELL} /share/public4/data/caoy/softs/RNAhybrid-2.1.2/missing --run tar'
AUTOCONF='${SHELL} /share/public4/data/caoy/softs/RNAhybrid-2.1.2/missing --run autoconf'
AUTOHEADER='${SHELL} /share/public4/data/caoy/softs/RNAhybrid-2.1.2/missing --run autoheader'
AUTOMAKE='${SHELL} /share/public4/data/caoy/softs/RNAhybrid-2.1.2/missing --run automake-1.11'
AWK='gawk'
CC='gcc'
CCDEPMODE='depmode=gcc3'
CFLAGS='-g -O2'
CPP='gcc -E'
CPPFLAGS=''
CYGPATH_W='echo'
DEFS='-DHAVE_CONFIG_H'
DEPDIR='.deps'
ECHO_C=''
ECHO_N='-n'
ECHO_T=''
EGREP='/usr/bin/grep -E'
EXEEXT=''
GREP='/usr/bin/grep'
INSTALL_DATA='${INSTALL} -m 644'
INSTALL_PROGRAM='${INSTALL}'
INSTALL_SCRIPT='${INSTALL}'
INSTALL_STRIP_PROGRAM='$(install_sh) -c -s'
LDFLAGS=''
LIBOBJS=''
LIBS='-lm '
LTLIBOBJS=''
MAKEINFO='${SHELL} /share/public4/data/caoy/softs/RNAhybrid-2.1.2/missing --run makeinfo'
MKDIR_P='/usr/bin/mkdir -p'
OBJEXT='o'
PACKAGE='RNAhybrid'
PACKAGE_BUGREPORT='marc@techfak.uni-bielefeld.de'
PACKAGE_NAME='RNAhybrid'
PACKAGE_STRING='RNAhybrid 1.0'
PACKAGE_TARNAME='RNAhybrid'
PACKAGE_URL=''
PACKAGE_VERSION='1.0'
PATH_SEPARATOR=':'
SET_MAKE=''
SHELL='/bin/sh'
STRIP=''
VERSION='1.0'
ac_ct_CC='gcc'
am__EXEEXT_FALSE=''
am__EXEEXT_TRUE='#'
am__fastdepCC_FALSE='#'
am__fastdepCC_TRUE=''
am__include='include'
am__isrc=''
am__leading_dot='.'
am__quote=''
am__tar='${AMTAR} chof - "$$tardir"'
am__untar='${AMTAR} xf -'
bindir='${exec_prefix}/bin'
build_alias=''
datadir='${datarootdir}'
datarootdir='${prefix}/share'
docdir='${datarootdir}/doc/${PACKAGE_TARNAME}'
dvidir='${docdir}'
exec_prefix='${prefix}'
host_alias=''
htmldir='${docdir}'
includedir='${prefix}/include'
infodir='${datarootdir}/info'
install_sh='${SHELL} /share/public4/data/caoy/softs/RNAhybrid-2.1.2/install-sh'
libdir='${exec_prefix}/lib'
libexecdir='${exec_prefix}/libexec'
localedir='${datarootdir}/locale'
localstatedir='${prefix}/var'
mandir='${datarootdir}/man'
mkdir_p='/usr/bin/mkdir -p'
oldincludedir='/usr/include'
pdfdir='${docdir}'
prefix='/share/public4/data/caoy/softs/RNAhybrid-2.1.2/bin'
program_transform_name='s,x,x,'
psdir='${docdir}'
sbindir='${exec_prefix}/sbin'
sharedstatedir='${prefix}/com'
sysconfdir='${prefix}/etc'
target_alias=''

## ----------- ##
## confdefs.h. ##
## ----------- ##

/* confdefs.h */
#define PACKAGE_NAME "RNAhybrid"
#define PACKAGE_TARNAME "RNAhybrid"
#define PACKAGE_VERSION "1.0"
#define PACKAGE_STRING "RNAhybrid 1.0"
#define PACKAGE_BUGREPORT "marc@techfak.uni-bielefeld.de"
#define PACKAGE_URL ""
#define PACKAGE "RNAhybrid"
#define VERSION "1.0"
#define HAVE_LIBM 1
#define STDC_HEADERS 1
#define HAVE_SYS_TYPES_H 1
#define HAVE_SYS_STAT_H 1
#define HAVE_STDLIB_H 1
#define HAVE_STRING_H 1
#define HAVE_MEMORY_H 1
#define HAVE_STRINGS_H 1
#define HAVE_INTTYPES_H 1
#define HAVE_STDINT_H 1
#define HAVE_UNISTD_H 1

configure: exit 0
